[2024-12-04 18:43:50] AKS 자격 증명 가져오는 중...
[2024-12-04 18:43:51] ACR pull 권한 확인 중...
[2024-12-04 18:43:52] AKS가 Managed Identity를 사용하고 있습니다.
[2024-12-04 18:43:52] ACR pull 권한이 이미 설정되어 있다고 가정합니다.
[2024-12-04 18:43:52] Namespace 생성 중...
[2024-12-04 18:43:53] 애플리케이션 빌드 중...
[2024-12-04 18:44:10] Building acl-service...
[2024-12-04 18:44:21] Building kos-mock...
[2024-12-04 18:44:23] Building notification-mock...
[2024-12-04 18:44:25] Building sync-mock...
[2024-12-04 18:44:28] Building usage-generator...
[2024-12-04 18:44:33] Docker 이미지 Push 중...
[2024-12-04 18:44:40] Pushing acl-service...
[2024-12-04 18:45:18] Pushing kos-mock...
[2024-12-04 18:46:03] Pushing notification-mock...
[2024-12-04 18:46:44] Pushing sync-mock...
[2024-12-04 18:47:44] Pushing usage-generator...
[2024-12-04 18:48:41] 기존 리소스 정리 중...
[2024-12-04 18:48:44] Event Hub 연결 정보 설정 중...
[2024-12-04 18:48:45] PostgreSQL 데이터베이스 설정 중...
[2024-12-04 18:48:46] PostgreSQL 준비 상태 대기 중...
[2024-12-04 18:49:05] 데이터베이스 생성 확인 중... (1/10)
[2024-12-04 18:49:11] 데이터베이스 'legacydb' 생성 확인 완료
[2024-12-04 18:49:11] 애플리케이션 배포 중...
[2024-12-04 18:49:13] LoadBalancer IP 대기 중...
[2024-12-04 18:49:13] LoadBalancer IP 대기 중... (1/30)
[2024-12-04 18:49:23] LoadBalancer IP 대기 중... (2/30)
[2024-12-04 18:49:34] 리소스 준비 상태 대기 중...
[2024-12-04 18:49:34] === 배포 완료 ===
[2024-12-04 18:49:35] ACL Service Swagger UI: http://20.249.177.196:8082/swagger-ui.html
[2024-12-04 18:49:35] Notification Mock Swagger UI: http://20.214.123.43:8083/swagger-ui.html
[2024-12-04 18:49:35] === 상태 확인 명령어 ===
[2024-12-04 18:49:35] kubectl get pods -n ondal-acl
[2024-12-04 18:49:35] kubectl logs -f deployment/ondal-acl-service -n ondal-acl
[2024-12-04 18:49:35] kubectl logs -f deployment/ondal-acl-notification -n ondal-acl
[2024-12-04 20:00:25] AKS 자격 증명 가져오는 중...
[2024-12-04 20:00:26] ACR pull 권한 확인 중...
[2024-12-04 20:00:27] AKS가 Managed Identity를 사용하고 있습니다.
[2024-12-04 20:00:27] ACR pull 권한이 이미 설정되어 있다고 가정합니다.
[2024-12-04 20:00:27] Namespace 생성 중...
[2024-12-04 20:00:28] 애플리케이션 빌드 중...
[2024-12-04 20:00:43] Building acl-service...
[2024-12-04 20:00:47] Building kos-mock...
[2024-12-04 20:00:49] Building notification-mock...
[2024-12-04 20:00:51] Building sync-mock...
[2024-12-04 20:00:56] Building usage-generator...
[2024-12-04 20:01:00] Docker 이미지 Push 중...
[2024-12-04 20:01:06] Pushing acl-service...
[2024-12-04 20:01:16] Pushing kos-mock...
[2024-12-04 20:01:22] Pushing notification-mock...
[2024-12-04 20:01:28] Pushing sync-mock...
[2024-12-04 20:01:36] Pushing usage-generator...
[2024-12-04 20:01:43] 기존 리소스 정리 중...
[2024-12-04 20:01:45] Event Hub 연결 정보 설정 중...
[2024-12-04 20:01:47] PostgreSQL 데이터베이스 설정 중...
[2024-12-04 20:01:48] PostgreSQL 준비 상태 대기 중...
[2024-12-04 20:02:21] 데이터베이스 생성 확인 중... (1/10)
[2024-12-04 20:02:27] 데이터베이스 생성 확인 중... (2/10)
[2024-12-04 20:02:32] 데이터베이스 'legacydb' 생성 확인 완료
[2024-12-04 20:02:32] 애플리케이션 배포 중...
[2024-12-04 20:02:34] LoadBalancer IP 대기 중...
[2024-12-04 20:02:34] LoadBalancer IP 대기 중... (1/30)
[2024-12-04 20:02:44] LoadBalancer IP 대기 중... (2/30)
[2024-12-04 20:02:55] 리소스 준비 상태 대기 중...
[2024-12-04 20:02:55] === 배포 완료 ===
[2024-12-04 20:02:55] ACL Service Swagger UI: http://4.230.152.58:8082/swagger-ui.html
[2024-12-04 20:02:55] Notification Mock Swagger UI: http://4.230.152.80:8083/swagger-ui.html
[2024-12-04 20:02:55] === 상태 확인 명령어 ===
[2024-12-04 20:02:56] kubectl get pods -n ondal-acl
[2024-12-04 20:02:56] kubectl logs -f deployment/ondal-acl-service -n ondal-acl
[2024-12-04 20:02:56] kubectl logs -f deployment/ondal-acl-notification -n ondal-acl
[2024-12-04 20:18:51] AKS 자격 증명 가져오는 중...
[2024-12-04 20:18:52] ACR pull 권한 확인 중...
[2024-12-04 20:18:53] AKS가 Managed Identity를 사용하고 있습니다.
[2024-12-04 20:18:53] ACR pull 권한이 이미 설정되어 있다고 가정합니다.
[2024-12-04 20:18:53] Namespace 생성 중...
[2024-12-04 20:18:53] 애플리케이션 빌드 중...
[2024-12-04 20:19:09] Building acl-service...
[2024-12-04 20:19:20] Building kos-mock...
[2024-12-04 20:19:22] Building notification-mock...
[2024-12-04 20:19:24] Building sync-mock...
[2024-12-04 20:19:29] Building usage-generator...
[2024-12-04 20:19:34] Docker 이미지 Push 중...
[2024-12-04 20:19:41] Pushing acl-service...
[2024-12-04 20:19:47] Pushing kos-mock...
[2024-12-04 20:19:53] Pushing notification-mock...
[2024-12-04 20:19:59] Pushing sync-mock...
[2024-12-04 20:20:06] Pushing usage-generator...
[2024-12-04 20:20:14] 기존 리소스 정리 중...
[2024-12-04 20:20:18] Event Hub 연결 정보 설정 중...
[2024-12-04 20:20:20] PostgreSQL 데이터베이스 설정 중...
[2024-12-04 20:20:20] PostgreSQL 준비 상태 대기 중...
[2024-12-04 20:20:43] 데이터베이스 'legacydb' 생성 확인 완료
[2024-12-04 20:20:43] 애플리케이션 배포 중...
[2024-12-04 20:20:45] LoadBalancer IP 대기 중...
[2024-12-04 20:20:45] 리소스 준비 상태 대기 중...
[2024-12-04 20:25:45] Error: 리소스 준비 대기 실패
[2024-12-04 20:39:08] AKS 자격 증명 가져오는 중...
[2024-12-04 20:39:09] ACR pull 권한 확인 중...
[2024-12-04 20:39:11] AKS가 Managed Identity를 사용하고 있습니다.
[2024-12-04 20:39:11] ACR pull 권한이 이미 설정되어 있다고 가정합니다.
[2024-12-04 20:39:11] Namespace 생성 중...
[2024-12-04 20:39:11] 애플리케이션 빌드 중...
[2024-12-04 20:39:26] Building acl-service...
[2024-12-04 20:39:30] Building kos-mock...
[2024-12-04 20:39:32] Building notification-mock...
[2024-12-04 20:39:33] Building sync-mock...
[2024-12-04 20:39:37] Building usage-generator...
[2024-12-04 20:39:41] Docker 이미지 Push 중...
[2024-12-04 20:39:48] Pushing acl-service...
[2024-12-04 20:39:55] Pushing kos-mock...
[2024-12-04 20:40:00] Pushing notification-mock...
[2024-12-04 20:40:06] Pushing sync-mock...
[2024-12-04 20:40:14] Pushing usage-generator...
[2024-12-04 20:40:22] 기존 리소스 정리 중...
[2024-12-04 20:40:24] Storage Account 및 Blob Container 설정 중...
[2024-12-04 20:40:29] Event Hub 연결 정보 설정 중...
[2024-12-04 20:40:31] PostgreSQL 데이터베이스 설정 중...
[2024-12-04 20:40:31] PostgreSQL 준비 상태 대기 중...
[2024-12-04 20:40:35] 데이터베이스 'legacydb' 생성 확인 완료
[2024-12-04 20:40:35] 애플리케이션 배포 중...
[2024-12-04 20:40:38] LoadBalancer IP 대기 중...
[2024-12-04 20:40:38] 리소스 준비 상태 대기 중...
[2024-12-04 20:45:38] Error: 리소스 준비 대기 실패
[2024-12-04 20:50:19] AKS 자격 증명 가져오는 중...
[2024-12-04 20:50:21] ACR pull 권한 확인 중...
[2024-12-04 20:50:22] AKS가 Managed Identity를 사용하고 있습니다.
[2024-12-04 20:50:22] ACR pull 권한이 이미 설정되어 있다고 가정합니다.
[2024-12-04 20:50:22] Namespace 생성 중...
[2024-12-04 20:50:22] 애플리케이션 빌드 중...
[2024-12-04 20:50:37] Building acl-service...
[2024-12-04 20:50:47] Building kos-mock...
[2024-12-04 20:50:49] Building notification-mock...
[2024-12-04 20:50:50] Building sync-mock...
[2024-12-04 20:50:55] Building usage-generator...
[2024-12-04 20:51:00] Docker 이미지 Push 중...
[2024-12-04 20:51:06] Pushing acl-service...
[2024-12-04 20:51:13] Pushing kos-mock...
[2024-12-04 20:51:18] Pushing notification-mock...
[2024-12-04 20:51:24] Pushing sync-mock...
[2024-12-04 20:51:32] Pushing usage-generator...
[2024-12-04 20:51:39] 기존 리소스 정리 중...
[2024-12-04 20:51:42] Storage Account 및 Blob Container 설정 중...
[2024-12-04 20:51:47] Event Hub 연결 정보 설정 중...
[2024-12-04 20:51:49] PostgreSQL 데이터베이스 설정 중...
[2024-12-04 20:51:50] PostgreSQL 준비 상태 대기 중...
[2024-12-04 20:52:25] 데이터베이스 'legacydb' 생성 확인 완료
[2024-12-04 20:52:25] 애플리케이션 배포 중...
[2024-12-04 20:52:28] LoadBalancer IP 대기 중...
[2024-12-04 20:52:28] 리소스 준비 상태 대기 중...
[2024-12-04 20:52:30] === 배포 완료 ===
[2024-12-04 20:52:30] ACL Service Swagger UI: http://4.230.152.58:8082/swagger-ui.html
[2024-12-04 20:52:30] Notification Mock Swagger UI: http://4.230.152.80:8083/swagger-ui.html
[2024-12-04 20:52:30] === 상태 확인 명령어 ===
[2024-12-04 20:52:30] kubectl get pods -n ondal-acl
[2024-12-04 20:52:30] kubectl logs -f deployment/ondal-acl-service -n ondal-acl
[2024-12-04 20:52:30] kubectl logs -f deployment/ondal-acl-notification -n ondal-acl
[2024-12-04 21:13:03] AKS 자격 증명 가져오는 중...
[2024-12-04 21:13:04] ACR pull 권한 확인 중...
[2024-12-04 21:13:05] AKS가 Managed Identity를 사용하고 있습니다.
[2024-12-04 21:13:05] ACR pull 권한이 이미 설정되어 있다고 가정합니다.
[2024-12-04 21:13:05] Namespace 생성 중...
[2024-12-04 21:13:06] 애플리케이션 빌드 중...
[2024-12-04 21:13:23] Building acl-service...
[2024-12-04 21:13:33] Building kos-mock...
[2024-12-04 21:13:35] Building notification-mock...
[2024-12-04 21:13:36] Building sync-mock...
[2024-12-04 21:13:40] Building usage-generator...
[2024-12-04 21:13:44] Docker 이미지 Push 중...
[2024-12-04 21:13:49] Pushing acl-service...
[2024-12-04 21:13:56] Pushing kos-mock...
[2024-12-04 21:14:01] Pushing notification-mock...
[2024-12-04 21:14:07] Pushing sync-mock...
[2024-12-04 21:14:14] Pushing usage-generator...
[2024-12-04 21:14:21] 기존 리소스 정리 중...
[2024-12-04 21:14:24] Storage Account 및 Blob Container 설정 중...
[2024-12-04 21:14:29] Event Hub 연결 정보 설정 중...
[2024-12-04 21:14:31] PostgreSQL 데이터베이스 설정 중...
[2024-12-04 21:14:32] PostgreSQL 준비 상태 대기 중...
[2024-12-04 21:14:48] 데이터베이스 'legacydb' 생성 확인 완료
[2024-12-04 21:14:48] 애플리케이션 배포 중...
[2024-12-04 21:14:50] LoadBalancer IP 대기 중...
[2024-12-04 21:14:50] 리소스 준비 상태 대기 중...
[2024-12-04 21:14:52] === 배포 완료 ===
[2024-12-04 21:14:52] ACL Service Swagger UI: http://4.230.152.58:8082/swagger-ui.html
[2024-12-04 21:14:52] Notification Mock Swagger UI: http://4.230.152.80:8083/swagger-ui.html
[2024-12-04 21:14:52] === 상태 확인 명령어 ===
[2024-12-04 21:14:52] kubectl get pods -n ondal-acl
[2024-12-04 21:14:52] kubectl logs -f deployment/ondal-acl-service -n ondal-acl
[2024-12-04 21:14:52] kubectl logs -f deployment/ondal-acl-notification -n ondal-acl
[2024-12-04 21:21:46] AKS 자격 증명 가져오는 중...
[2024-12-04 21:21:48] ACR pull 권한 확인 중...
[2024-12-04 21:21:49] AKS가 Managed Identity를 사용하고 있습니다.
[2024-12-04 21:21:49] ACR pull 권한이 이미 설정되어 있다고 가정합니다.
[2024-12-04 21:21:49] Namespace 생성 중...
[2024-12-04 21:21:49] 애플리케이션 빌드 중...
[2024-12-04 21:22:10] Building acl-service...
[2024-12-04 21:22:21] Building kos-mock...
[2024-12-04 21:22:24] Building notification-mock...
[2024-12-04 21:22:27] Building sync-mock...
[2024-12-04 21:22:31] Building usage-generator...
[2024-12-04 21:22:35] Docker 이미지 Push 중...
[2024-12-04 21:22:42] Pushing acl-service...
[2024-12-04 21:22:50] Pushing kos-mock...
[2024-12-04 21:22:56] Pushing notification-mock...
[2024-12-04 21:23:04] Pushing sync-mock...
[2024-12-04 21:23:12] Pushing usage-generator...
[2024-12-04 21:23:23] 기존 리소스 정리 중...
[2024-12-04 21:23:27] Storage Account 및 Blob Container 설정 중...
[2024-12-04 21:23:38] Event Hub 연결 정보 설정 중...
[2024-12-04 21:23:44] PostgreSQL 데이터베이스 설정 중...
[2024-12-04 21:23:45] PostgreSQL 준비 상태 대기 중...
[2024-12-04 21:23:58] 데이터베이스 'legacydb' 생성 확인 완료
[2024-12-04 21:23:58] 애플리케이션 배포 중...
[2024-12-04 21:24:01] LoadBalancer IP 대기 중...
[2024-12-04 21:24:01] 리소스 준비 상태 대기 중...
[2024-12-04 21:24:02] === 배포 완료 ===
[2024-12-04 21:24:03] ACL Service Swagger UI: http://4.230.152.58:8082/swagger-ui.html
[2024-12-04 21:24:03] Notification Mock Swagger UI: http://4.230.152.80:8083/swagger-ui.html
[2024-12-04 21:24:03] === 상태 확인 명령어 ===
[2024-12-04 21:24:03] kubectl get pods -n ondal-acl
[2024-12-04 21:24:03] kubectl logs -f deployment/ondal-acl-service -n ondal-acl
[2024-12-04 21:24:03] kubectl logs -f deployment/ondal-acl-notification -n ondal-acl
[2024-12-04 21:27:07] AKS 자격 증명 가져오는 중...
[2024-12-04 21:27:08] ACR pull 권한 확인 중...
[2024-12-04 21:27:09] AKS가 Managed Identity를 사용하고 있습니다.
[2024-12-04 21:27:09] ACR pull 권한이 이미 설정되어 있다고 가정합니다.
[2024-12-04 21:27:09] Namespace 생성 중...
[2024-12-04 21:27:10] 애플리케이션 빌드 중...
[2024-12-04 21:27:27] Building acl-service...
[2024-12-04 21:27:32] Building kos-mock...
[2024-12-04 21:27:34] Building notification-mock...
[2024-12-04 21:27:36] Building sync-mock...
[2024-12-04 21:27:40] Building usage-generator...
[2024-12-04 21:27:44] Docker 이미지 Push 중...
[2024-12-04 21:27:50] Pushing acl-service...
[2024-12-04 21:27:56] Pushing kos-mock...
[2024-12-04 21:28:02] Pushing notification-mock...
[2024-12-04 21:28:07] Pushing sync-mock...
[2024-12-04 21:28:15] Pushing usage-generator...
[2024-12-04 21:28:22] 기존 리소스 정리 중...
[2024-12-04 21:28:24] Storage Account 및 Blob Container 설정 중...
[2024-12-04 21:28:30] Event Hub 연결 정보 설정 중...
[2024-12-04 21:28:32] PostgreSQL 데이터베이스 설정 중...
[2024-12-04 21:28:32] PostgreSQL 준비 상태 대기 중...
[2024-12-04 21:28:35] 데이터베이스 'legacydb' 생성 확인 완료
[2024-12-04 21:28:35] 애플리케이션 배포 중...
[2024-12-04 21:28:37] LoadBalancer IP 대기 중...
[2024-12-04 21:28:38] 리소스 준비 상태 대기 중...
[2024-12-04 21:28:39] === 배포 완료 ===
[2024-12-04 21:28:40] ACL Service Swagger UI: http://4.230.152.58:8082/swagger-ui.html
[2024-12-04 21:28:40] Notification Mock Swagger UI: http://4.230.152.80:8083/swagger-ui.html
[2024-12-04 21:28:40] === 상태 확인 명령어 ===
[2024-12-04 21:28:40] kubectl get pods -n ondal-acl
[2024-12-04 21:28:40] kubectl logs -f deployment/ondal-acl-service -n ondal-acl
[2024-12-04 21:28:40] kubectl logs -f deployment/ondal-acl-notification -n ondal-acl
[2024-12-04 21:59:22] AKS 자격 증명 가져오는 중...
[2024-12-04 21:59:23] ACR pull 권한 확인 중...
[2024-12-04 21:59:24] AKS가 Managed Identity를 사용하고 있습니다.
[2024-12-04 21:59:24] ACR pull 권한이 이미 설정되어 있다고 가정합니다.
[2024-12-04 21:59:24] Namespace 생성 중...
[2024-12-04 21:59:25] 애플리케이션 빌드 중...
[2024-12-04 21:59:43] Building acl-service...
[2024-12-04 21:59:53] Building kos-mock...
[2024-12-04 21:59:55] Building notification-mock...
[2024-12-04 21:59:57] Building sync-mock...
[2024-12-04 22:00:01] Building usage-generator...
[2024-12-04 22:00:05] Docker 이미지 Push 중...
[2024-12-04 22:00:11] Pushing acl-service...
[2024-12-04 22:00:18] Pushing kos-mock...
[2024-12-04 22:00:25] Pushing notification-mock...
[2024-12-04 22:00:32] Pushing sync-mock...
[2024-12-04 22:00:42] Pushing usage-generator...
[2024-12-04 22:00:49] 기존 리소스 정리 중...
[2024-12-04 22:00:53] Storage Account 및 Blob Container 설정 중...
[2024-12-04 22:01:02] Event Hub 연결 정보 설정 중...
[2024-12-04 22:01:04] PostgreSQL 데이터베이스 설정 중...
[2024-12-04 22:01:05] PostgreSQL 준비 상태 대기 중...
[2024-12-04 22:01:39] 데이터베이스 'legacydb' 생성 확인 완료
[2024-12-04 22:01:39] 애플리케이션 배포 중...
[2024-12-04 22:01:41] LoadBalancer IP 대기 중...
[2024-12-04 22:01:41] 리소스 준비 상태 대기 중...
[2024-12-04 22:01:43] === 배포 완료 ===
[2024-12-04 22:01:43] ACL Service Swagger UI: http://4.230.152.58:8082/swagger-ui.html
[2024-12-04 22:01:43] Notification Mock Swagger UI: http://4.230.152.80:8083/swagger-ui.html
[2024-12-04 22:01:43] === 상태 확인 명령어 ===
[2024-12-04 22:01:43] kubectl get pods -n ondal-acl
[2024-12-04 22:01:43] kubectl logs -f deployment/ondal-acl-service -n ondal-acl
[2024-12-04 22:01:43] kubectl logs -f deployment/ondal-acl-notification -n ondal-acl
[2024-12-04 22:06:44] AKS 자격 증명 가져오는 중...
[2024-12-04 22:06:45] ACR pull 권한 확인 중...
[2024-12-04 22:06:46] AKS가 Managed Identity를 사용하고 있습니다.
[2024-12-04 22:06:46] ACR pull 권한이 이미 설정되어 있다고 가정합니다.
[2024-12-04 22:06:46] Namespace 생성 중...
[2024-12-04 22:06:46] 애플리케이션 빌드 중...
[2024-12-04 22:07:04] Building acl-service...
[2024-12-04 22:07:14] Building kos-mock...
[2024-12-04 22:07:16] Building notification-mock...
[2024-12-04 22:07:18] Building sync-mock...
[2024-12-04 22:07:22] Building usage-generator...
[2024-12-04 22:07:26] Docker 이미지 Push 중...
[2024-12-04 22:07:33] Pushing acl-service...
[2024-12-04 22:07:43] Pushing kos-mock...
[2024-12-04 22:07:49] Pushing notification-mock...
[2024-12-04 22:07:56] Pushing sync-mock...
[2024-12-04 22:08:05] Pushing usage-generator...
[2024-12-04 22:08:12] 기존 리소스 정리 중...
[2024-12-04 22:08:16] Storage Account 및 Blob Container 설정 중...
[2024-12-04 22:08:23] Event Hub 연결 정보 설정 중...
[2024-12-04 22:08:25] PostgreSQL 데이터베이스 설정 중...
[2024-12-04 22:08:25] PostgreSQL 준비 상태 대기 중...
[2024-12-04 22:08:45] 데이터베이스 'legacydb' 생성 확인 완료
[2024-12-04 22:08:45] 애플리케이션 배포 중...
[2024-12-04 22:08:46] LoadBalancer IP 대기 중...
[2024-12-04 22:08:46] 리소스 준비 상태 대기 중...
[2024-12-04 22:09:03] === 배포 완료 ===
[2024-12-04 22:09:04] ACL Service Swagger UI: http://4.230.152.58:8082/swagger-ui.html
[2024-12-04 22:09:04] Notification Mock Swagger UI: http://4.230.152.80:8083/swagger-ui.html
[2024-12-04 22:09:04] === 상태 확인 명령어 ===
[2024-12-04 22:09:04] kubectl get pods -n ondal-acl
[2024-12-04 22:09:04] kubectl logs -f deployment/ondal-acl-service -n ondal-acl
[2024-12-04 22:09:04] kubectl logs -f deployment/ondal-acl-notification -n ondal-acl
[2024-12-04 22:16:16] AKS 자격 증명 가져오는 중...
[2024-12-04 22:16:18] ACR pull 권한 확인 중...
[2024-12-04 22:16:19] AKS가 Managed Identity를 사용하고 있습니다.
[2024-12-04 22:16:19] ACR pull 권한이 이미 설정되어 있다고 가정합니다.
[2024-12-04 22:16:19] Namespace 생성 중...
[2024-12-04 22:16:19] 애플리케이션 빌드 중...
[2024-12-04 22:16:35] Building acl-service...
[2024-12-04 22:16:46] Building kos-mock...
[2024-12-04 22:16:48] Building notification-mock...
[2024-12-04 22:16:50] Building sync-mock...
[2024-12-04 22:16:55] Building usage-generator...
[2024-12-04 22:17:00] Docker 이미지 Push 중...
[2024-12-04 22:17:07] Pushing acl-service...
[2024-12-04 22:17:15] Pushing kos-mock...
[2024-12-04 22:17:25] Pushing notification-mock...
[2024-12-04 22:17:35] Pushing sync-mock...
[2024-12-04 22:17:46] Pushing usage-generator...
[2024-12-04 22:17:58] 기존 리소스 정리 중...
[2024-12-04 22:18:03] Storage Account 및 Blob Container 설정 중...
[2024-12-04 22:18:12] Event Hub 연결 정보 설정 중...
[2024-12-04 22:18:15] PostgreSQL 데이터베이스 설정 중...
[2024-12-04 22:18:16] PostgreSQL 준비 상태 대기 중...
[2024-12-04 22:18:38] 데이터베이스 'legacydb' 생성 확인 완료
[2024-12-04 22:18:38] 애플리케이션 배포 중...
[2024-12-04 22:18:40] LoadBalancer IP 대기 중...
[2024-12-04 22:18:40] 리소스 준비 상태 대기 중...
[2024-12-04 22:18:57] === 배포 완료 ===
[2024-12-04 22:18:57] ACL Service Swagger UI: http://4.230.152.58:8082/swagger-ui.html
[2024-12-04 22:18:57] Notification Mock Swagger UI: http://4.230.152.80:8083/swagger-ui.html
[2024-12-04 22:18:57] === 상태 확인 명령어 ===
[2024-12-04 22:18:57] kubectl get pods -n ondal-acl
[2024-12-04 22:18:57] kubectl logs -f deployment/ondal-acl-service -n ondal-acl
[2024-12-04 22:18:57] kubectl logs -f deployment/ondal-acl-notification -n ondal-acl
[2024-12-04 22:29:46] AKS 자격 증명 가져오는 중...
[2024-12-04 22:29:47] ACR pull 권한 확인 중...
[2024-12-04 22:29:48] AKS가 Managed Identity를 사용하고 있습니다.
[2024-12-04 22:29:48] ACR pull 권한이 이미 설정되어 있다고 가정합니다.
[2024-12-04 22:29:48] Namespace 생성 중...
[2024-12-04 22:29:49] 애플리케이션 빌드 중...
[2024-12-04 22:30:07] Building acl-service...
[2024-12-04 22:30:17] Building kos-mock...
[2024-12-04 22:30:19] Building notification-mock...
[2024-12-04 22:30:21] Building sync-mock...
[2024-12-04 22:30:25] Building usage-generator...
[2024-12-04 22:30:29] Docker 이미지 Push 중...
[2024-12-04 22:30:34] Pushing acl-service...
[2024-12-04 22:30:41] Pushing kos-mock...
[2024-12-04 22:30:46] Pushing notification-mock...
[2024-12-04 22:30:52] Pushing sync-mock...
[2024-12-04 22:31:01] Pushing usage-generator...
[2024-12-04 22:31:08] 기존 리소스 정리 중...
[2024-12-04 22:31:12] Storage Account 및 Blob Container 설정 중...
[2024-12-04 22:31:17] Event Hub 연결 정보 설정 중...
[2024-12-04 22:31:19] PostgreSQL 데이터베이스 설정 중...
[2024-12-04 22:31:20] PostgreSQL 준비 상태 대기 중...
[2024-12-04 22:31:40] 데이터베이스 'legacydb' 생성 확인 완료
[2024-12-04 22:31:40] 애플리케이션 배포 중...
[2024-12-04 22:31:42] LoadBalancer IP 대기 중...
[2024-12-04 22:31:42] 리소스 준비 상태 대기 중...
[2024-12-04 22:31:59] === 배포 완료 ===
[2024-12-04 22:31:59] ACL Service Swagger UI: http://4.230.152.58:8082/swagger-ui.html
[2024-12-04 22:31:59] Notification Mock Swagger UI: http://4.230.152.80:8083/swagger-ui.html
[2024-12-04 22:31:59] === 상태 확인 명령어 ===
[2024-12-04 22:31:59] kubectl get pods -n ondal-acl
[2024-12-04 22:31:59] kubectl logs -f deployment/ondal-acl-service -n ondal-acl
[2024-12-04 22:31:59] kubectl logs -f deployment/ondal-acl-notification -n ondal-acl
[2024-12-04 22:48:38] AKS 자격 증명 가져오는 중...
[2024-12-04 22:48:39] ACR pull 권한 확인 중...
[2024-12-04 22:48:40] AKS가 Managed Identity를 사용하고 있습니다.
[2024-12-04 22:48:40] ACR pull 권한이 이미 설정되어 있다고 가정합니다.
[2024-12-04 22:48:40] Namespace 생성 중...
[2024-12-04 22:48:40] 애플리케이션 빌드 중...
[2024-12-04 22:48:58] Building acl-service...
[2024-12-04 22:49:08] Building kos-mock...
[2024-12-04 22:49:10] Building notification-mock...
[2024-12-04 22:49:12] Building sync-mock...
[2024-12-04 22:49:16] Building usage-generator...
[2024-12-04 22:49:19] Docker 이미지 Push 중...
[2024-12-04 22:49:25] Pushing acl-service...
[2024-12-04 22:49:34] Pushing kos-mock...
[2024-12-04 22:49:40] Pushing notification-mock...
[2024-12-04 22:49:46] Pushing sync-mock...
[2024-12-04 22:49:55] Pushing usage-generator...
[2024-12-04 22:50:02] 기존 리소스 정리 중...
[2024-12-04 22:50:05] Storage Account 및 Blob Container 설정 중...
[2024-12-04 22:50:12] Event Hub 연결 정보 설정 중...
[2024-12-04 22:50:14] PostgreSQL 데이터베이스 설정 중...
[2024-12-04 22:50:14] PostgreSQL 준비 상태 대기 중...
[2024-12-04 22:50:34] 데이터베이스 'legacydb' 생성 확인 완료
[2024-12-04 22:50:34] 애플리케이션 배포 중...
[2024-12-04 22:50:35] LoadBalancer IP 대기 중...
[2024-12-04 22:50:36] 리소스 준비 상태 대기 중...
[2024-12-04 22:50:52] === 배포 완료 ===
[2024-12-04 22:50:52] ACL Service Swagger UI: http://4.230.152.58:8082/swagger-ui.html
[2024-12-04 22:50:52] Notification Mock Swagger UI: http://4.230.152.80:8083/swagger-ui.html
[2024-12-04 22:50:52] === 상태 확인 명령어 ===
[2024-12-04 22:50:52] kubectl get pods -n ondal-acl
[2024-12-04 22:50:52] kubectl logs -f deployment/ondal-acl-service -n ondal-acl
[2024-12-04 22:50:52] kubectl logs -f deployment/ondal-acl-notification -n ondal-acl
[2024-12-04 23:33:57] AKS 자격 증명 가져오는 중...
[2024-12-04 23:33:58] ACR pull 권한 확인 중...
[2024-12-04 23:33:59] AKS가 Managed Identity를 사용하고 있습니다.
[2024-12-04 23:33:59] ACR pull 권한이 이미 설정되어 있다고 가정합니다.
[2024-12-04 23:33:59] Namespace 생성 중...
[2024-12-04 23:34:00] 애플리케이션 빌드 중...
[2024-12-04 23:34:20] Building acl-service...
[2024-12-04 23:34:24] Building kos-mock...
[2024-12-04 23:34:27] Building notification-mock...
[2024-12-04 23:34:31] Building sync-mock...
[2024-12-04 23:34:36] Building usage-generator...
[2024-12-04 23:34:44] Docker 이미지 Push 중...
[2024-12-04 23:34:50] Pushing acl-service...
[2024-12-04 23:34:55] Pushing kos-mock...
[2024-12-04 23:35:02] Pushing notification-mock...
[2024-12-04 23:35:07] Pushing sync-mock...
[2024-12-04 23:35:15] Pushing usage-generator...
[2024-12-04 23:35:23] 기존 리소스 정리 중...
[2024-12-04 23:35:26] Storage Account 및 Blob Container 설정 중...
[2024-12-04 23:35:31] Event Hub 확인 중...
[2024-12-04 23:35:31] 기존 Event Hub 네임스페이스 사용
[2024-12-04 23:35:33] Event Hub 생성 중... (약 1-2분 소요)
[2024-12-04 23:35:35] Event Hub 연결 문자열 가져오는 중...
[2024-12-04 23:35:36] Event Hub 연결 정보를 Secret으로 저장 중...
[2024-12-04 23:35:36] Event Hub 설정 완료
[2024-12-04 23:35:36] PostgreSQL 데이터베이스 설정 중...
[2024-12-04 23:35:37] PostgreSQL 준비 상태 대기 중...
[2024-12-04 23:36:04] 데이터베이스 'legacydb' 생성 확인 완료
[2024-12-04 23:36:04] 애플리케이션 배포 중...
[2024-12-04 23:36:09] LoadBalancer IP 대기 중...
[2024-12-04 23:36:09] 리소스 준비 상태 대기 중...
[2024-12-04 23:41:09] Error: 리소스 준비 대기 실패
[2024-12-04 23:48:51] AKS 자격 증명 가져오는 중...
[2024-12-04 23:48:52] ACR pull 권한 확인 중...
[2024-12-04 23:48:53] AKS가 Managed Identity를 사용하고 있습니다.
[2024-12-04 23:48:53] ACR pull 권한이 이미 설정되어 있다고 가정합니다.
[2024-12-04 23:48:53] Namespace 생성 중...
[2024-12-04 23:48:53] 애플리케이션 빌드 중...
[2024-12-04 23:49:10] Building acl-service...
[2024-12-04 23:49:21] Building kos-mock...
[2024-12-04 23:49:23] Building notification-mock...
[2024-12-04 23:49:24] Building sync-mock...
[2024-12-04 23:49:28] Building usage-generator...
[2024-12-04 23:49:32] Docker 이미지 Push 중...
[2024-12-04 23:49:39] Pushing acl-service...
[2024-12-04 23:49:45] Pushing kos-mock...
[2024-12-04 23:49:52] Pushing notification-mock...
[2024-12-04 23:49:58] Pushing sync-mock...
[2024-12-04 23:50:06] Pushing usage-generator...
[2024-12-04 23:50:14] 기존 리소스 정리 중...
[2024-12-04 23:50:17] Storage Account 및 Blob Container 설정 중...
[2024-12-04 23:50:22] Event Hub 확인 중...
[2024-12-04 23:50:23] 기존 Event Hub 네임스페이스 사용
[2024-12-04 23:50:24] 기존 Event Hub 사용
[2024-12-04 23:50:24] Event Hub 연결 문자열 가져오는 중...
[2024-12-04 23:50:27] Event Hub 연결 정보를 Secret으로 저장 중...
[2024-12-04 23:50:27] Event Hub 설정 완료
[2024-12-04 23:50:27] PostgreSQL 데이터베이스 설정 중...
[2024-12-04 23:50:28] PostgreSQL 준비 상태 대기 중...
[2024-12-04 23:50:45] 데이터베이스 'legacydb' 생성 확인 완료
[2024-12-04 23:50:45] 애플리케이션 배포 중...
[2024-12-04 23:50:46] LoadBalancer IP 대기 중...
[2024-12-04 23:50:47] 리소스 준비 상태 대기 중...
[2024-12-04 23:50:57] === 배포 완료 ===
[2024-12-04 23:50:57] ACL Service Swagger UI: http://4.230.152.58:8082/swagger-ui.html
[2024-12-04 23:50:57] Notification Mock Swagger UI: http://4.230.152.80:8083/swagger-ui.html
[2024-12-04 23:50:57] === 상태 확인 명령어 ===
[2024-12-04 23:50:57] kubectl get pods -n ondal-acl
[2024-12-04 23:50:57] kubectl logs -f deployment/ondal-acl-service -n ondal-acl
[2024-12-04 23:50:57] kubectl logs -f deployment/ondal-acl-notification -n ondal-acl
[2024-12-05 00:10:59] AKS 자격 증명 가져오는 중...
[2024-12-05 00:11:01] ACR pull 권한 확인 중...
[2024-12-05 00:11:02] AKS가 Managed Identity를 사용하고 있습니다.
[2024-12-05 00:11:02] ACR pull 권한이 이미 설정되어 있다고 가정합니다.
[2024-12-05 00:11:02] Namespace 생성 중...
[2024-12-05 00:11:02] 애플리케이션 빌드 중...
[2024-12-05 00:11:25] Building acl-service...
[2024-12-05 00:11:31] Building kos-mock...
[2024-12-05 00:11:34] Building notification-mock...
[2024-12-05 00:11:36] Building sync-mock...
[2024-12-05 00:11:45] Building usage-generator...
[2024-12-05 00:11:53] Docker 이미지 Push 중...
[2024-12-05 00:12:01] Pushing acl-service...
[2024-12-05 00:12:08] Pushing kos-mock...
[2024-12-05 00:12:15] Pushing notification-mock...
[2024-12-05 00:12:21] Pushing sync-mock...
[2024-12-05 00:12:30] Pushing usage-generator...
[2024-12-05 00:12:38] 기존 리소스 정리 중...
[2024-12-05 00:12:40] Storage Account 및 Blob Container 설정 중...
[2024-12-05 00:12:45] Event Hub 확인 중...
[2024-12-05 00:12:46] 기존 Event Hub 네임스페이스 사용
[2024-12-05 00:12:48] 기존 Event Hub 사용
[2024-12-05 00:12:48] Event Hub 연결 문자열 가져오는 중...
[2024-12-05 00:12:49] Event Hub 연결 정보를 Secret으로 저장 중...
[2024-12-05 00:12:50] Event Hub 설정 완료
[2024-12-05 00:12:50] PostgreSQL 데이터베이스 설정 중...
[2024-12-05 00:12:51] PostgreSQL 준비 상태 대기 중...
[2024-12-05 00:13:54] 데이터베이스 'legacydb' 생성 확인 완료
[2024-12-05 00:13:54] 애플리케이션 배포 중...
[2024-12-05 00:13:56] LoadBalancer IP 대기 중...
[2024-12-05 00:13:56] 리소스 준비 상태 대기 중...
[2024-12-05 00:14:13] === 배포 완료 ===
[2024-12-05 00:14:14] ACL Service Swagger UI: http://4.230.152.58:8082/swagger-ui.html
[2024-12-05 00:14:14] Notification Mock Swagger UI: http://4.230.152.80:8083/swagger-ui.html
[2024-12-05 00:14:14] === 상태 확인 명령어 ===
[2024-12-05 00:14:14] kubectl get pods -n ondal-acl
[2024-12-05 00:14:14] kubectl logs -f deployment/ondal-acl-service -n ondal-acl
[2024-12-05 00:14:14] kubectl logs -f deployment/ondal-acl-notification -n ondal-acl
[2024-12-05 00:26:18] AKS 자격 증명 가져오는 중...
[2024-12-05 00:26:19] ACR pull 권한 확인 중...
[2024-12-05 00:26:21] AKS가 Managed Identity를 사용하고 있습니다.
[2024-12-05 00:26:21] ACR pull 권한이 이미 설정되어 있다고 가정합니다.
[2024-12-05 00:26:21] Namespace 생성 중...
[2024-12-05 00:26:21] 애플리케이션 빌드 중...
[2024-12-05 00:26:39] Building acl-service...
[2024-12-05 00:26:43] Error: acl-service 이미지 빌드 실패
[2024-12-05 00:29:23] AKS 자격 증명 가져오는 중...
[2024-12-05 00:29:24] ACR pull 권한 확인 중...
[2024-12-05 00:29:25] AKS가 Managed Identity를 사용하고 있습니다.
[2024-12-05 00:29:25] ACR pull 권한이 이미 설정되어 있다고 가정합니다.
[2024-12-05 00:29:25] Namespace 생성 중...
[2024-12-05 00:29:26] 애플리케이션 빌드 중...
[2024-12-05 00:29:42] Building acl-service...
[2024-12-05 00:29:45] Building kos-mock...
[2024-12-05 00:29:46] Building notification-mock...
[2024-12-05 00:29:48] Building sync-mock...
[2024-12-05 00:29:55] Building usage-generator...
[2024-12-05 00:30:00] Docker 이미지 Push 중...
[2024-12-05 00:30:09] Error: ACR 로그인 실패
[2024-12-05 00:32:57] AKS 자격 증명 가져오는 중...
[2024-12-05 00:32:58] ACR pull 권한 확인 중...
[2024-12-05 00:32:59] AKS가 Managed Identity를 사용하고 있습니다.
[2024-12-05 00:32:59] ACR pull 권한이 이미 설정되어 있다고 가정합니다.
[2024-12-05 00:32:59] Namespace 생성 중...
[2024-12-05 00:33:00] 애플리케이션 빌드 중...
[2024-12-05 00:33:18] Building acl-service...
[2024-12-05 00:33:23] Building kos-mock...
[2024-12-05 00:33:25] Building notification-mock...
[2024-12-05 00:33:33] Building sync-mock...
[2024-12-05 00:33:48] Building usage-generator...
[2024-12-05 00:33:54] Docker 이미지 Push 중...
[2024-12-05 00:33:59] Pushing acl-service...
[2024-12-05 00:34:08] Pushing kos-mock...
[2024-12-05 00:34:15] Pushing notification-mock...
[2024-12-05 00:34:21] Pushing sync-mock...
[2024-12-05 00:34:30] Pushing usage-generator...
[2024-12-05 00:34:38] 기존 리소스 정리 중...
[2024-12-05 00:34:41] Storage Account 및 Blob Container 설정 중...
[2024-12-05 00:34:47] Event Hub 확인 중...
[2024-12-05 00:34:48] 기존 Event Hub 네임스페이스 사용
[2024-12-05 00:34:49] 기존 Event Hub 사용
[2024-12-05 00:34:49] Event Hub 연결 문자열 가져오는 중...
[2024-12-05 00:34:51] Event Hub 연결 정보를 Secret으로 저장 중...
[2024-12-05 00:34:52] Event Hub 설정 완료
[2024-12-05 00:34:52] PostgreSQL 데이터베이스 설정 중...
[2024-12-05 00:34:53] PostgreSQL 준비 상태 대기 중...
[2024-12-05 00:35:11] 데이터베이스 'legacydb' 생성 확인 완료
[2024-12-05 00:35:11] 애플리케이션 배포 중...
[2024-12-05 00:35:13] LoadBalancer IP 대기 중...
[2024-12-05 00:35:13] LoadBalancer IP 대기 중... (1/30)
[2024-12-05 00:35:25] LoadBalancer IP 대기 중... (2/30)
[2024-12-05 00:35:35] LoadBalancer IP 대기 중... (3/30)
[2024-12-05 00:35:46] LoadBalancer IP 대기 중... (4/30)
[2024-12-05 00:35:56] LoadBalancer IP 대기 중... (5/30)
[2024-12-05 00:36:08] LoadBalancer IP 대기 중... (6/30)
[2024-12-05 00:36:18] LoadBalancer IP 대기 중... (7/30)
[2024-12-05 00:36:29] LoadBalancer IP 대기 중... (8/30)
[2024-12-05 00:36:39] LoadBalancer IP 대기 중... (9/30)
[2024-12-05 00:36:50] LoadBalancer IP 대기 중... (10/30)
[2024-12-05 00:37:00] LoadBalancer IP 대기 중... (11/30)
[2024-12-05 00:37:10] LoadBalancer IP 대기 중... (12/30)
[2024-12-05 00:37:21] LoadBalancer IP 대기 중... (13/30)
[2024-12-05 00:37:31] LoadBalancer IP 대기 중... (14/30)
[2024-12-05 00:37:41] LoadBalancer IP 대기 중... (15/30)
[2024-12-05 00:37:52] LoadBalancer IP 대기 중... (16/30)
[2024-12-05 00:38:02] LoadBalancer IP 대기 중... (17/30)
[2024-12-05 00:38:12] LoadBalancer IP 대기 중... (18/30)
[2024-12-05 00:38:23] LoadBalancer IP 대기 중... (19/30)
[2024-12-05 00:38:33] LoadBalancer IP 대기 중... (20/30)
[2024-12-05 00:38:43] LoadBalancer IP 대기 중... (21/30)
[2024-12-05 00:38:54] LoadBalancer IP 대기 중... (22/30)
[2024-12-05 00:39:04] LoadBalancer IP 대기 중... (23/30)
[2024-12-05 00:39:15] LoadBalancer IP 대기 중... (24/30)
[2024-12-05 00:39:25] LoadBalancer IP 대기 중... (25/30)
[2024-12-05 00:39:36] LoadBalancer IP 대기 중... (26/30)
[2024-12-05 00:39:46] LoadBalancer IP 대기 중... (27/30)
[2024-12-05 00:39:56] LoadBalancer IP 대기 중... (28/30)
[2024-12-05 00:40:07] LoadBalancer IP 대기 중... (29/30)
[2024-12-05 00:40:17] LoadBalancer IP 대기 중... (30/30)
[2024-12-05 00:40:20] AKS 자격 증명 가져오는 중...
[2024-12-05 00:40:21] ACR pull 권한 확인 중...
[2024-12-05 00:40:23] AKS가 Managed Identity를 사용하고 있습니다.
[2024-12-05 00:40:23] ACR pull 권한이 이미 설정되어 있다고 가정합니다.
[2024-12-05 00:40:23] Namespace 생성 중...
[2024-12-05 00:40:23] 애플리케이션 빌드 중...
[2024-12-05 00:40:43] Building acl-service...
[2024-12-05 00:40:48] Building kos-mock...
[2024-12-05 00:40:51] Building notification-mock...
[2024-12-05 00:40:53] Building sync-mock...
[2024-12-05 00:41:01] Building usage-generator...
[2024-12-05 00:41:07] Docker 이미지 Push 중...
[2024-12-05 00:41:10] Pushing acl-service...
[2024-12-05 00:41:17] Pushing kos-mock...
[2024-12-05 00:41:24] Pushing notification-mock...
[2024-12-05 00:41:28] Error: notification-mock 이미지 Push 실패
[2024-12-05 00:41:29] AKS 자격 증명 가져오는 중...
[2024-12-05 00:41:34] ACR pull 권한 확인 중...
[2024-12-05 00:41:36] AKS가 Managed Identity를 사용하고 있습니다.
[2024-12-05 00:41:36] ACR pull 권한이 이미 설정되어 있다고 가정합니다.
[2024-12-05 00:41:36] Namespace 생성 중...
[2024-12-05 00:41:36] 애플리케이션 빌드 중...
[2024-12-05 00:42:29] Building acl-service...
[2024-12-05 00:42:43] Building kos-mock...
[2024-12-05 00:42:49] Building notification-mock...
[2024-12-05 00:42:54] Building sync-mock...
[2024-12-05 00:42:58] Building usage-generator...
[2024-12-05 00:43:05] Docker 이미지 Push 중...
[2024-12-05 00:43:09] Pushing acl-service...
[2024-12-05 00:43:16] Pushing kos-mock...
[2024-12-05 00:43:23] Pushing notification-mock...
[2024-12-05 00:43:34] Pushing sync-mock...
[2024-12-05 00:43:42] Pushing usage-generator...
[2024-12-05 00:43:49] 기존 리소스 정리 중...
[2024-12-05 00:43:51] Storage Account 및 Blob Container 설정 중...
[2024-12-05 00:43:57] Event Hub 확인 중...
[2024-12-05 00:43:58] 기존 Event Hub 네임스페이스 사용
[2024-12-05 00:43:59] 기존 Event Hub 사용
[2024-12-05 00:43:59] Event Hub 연결 문자열 가져오는 중...
[2024-12-05 00:44:00] Event Hub 연결 정보를 Secret으로 저장 중...
[2024-12-05 00:44:00] Event Hub 설정 완료
[2024-12-05 00:44:00] PostgreSQL 데이터베이스 설정 중...
[2024-12-05 00:44:01] PostgreSQL 준비 상태 대기 중...
[2024-12-05 00:44:23] 데이터베이스 'legacydb' 생성 확인 완료
[2024-12-05 00:44:23] 애플리케이션 배포 중...
[2024-12-05 00:44:26] LoadBalancer IP 대기 중...
[2024-12-05 00:44:26] LoadBalancer IP 대기 중... (1/30)
[2024-12-05 00:44:37] 리소스 준비 상태 대기 중...
[2024-12-05 00:44:43] === 배포 완료 ===
[2024-12-05 00:44:43] ACL Service Swagger UI: http://20.249.204.234:8082/swagger-ui.html
[2024-12-05 00:57:28] AKS 자격 증명 가져오는 중...
[2024-12-05 00:57:29] ACR pull 권한 확인 중...
[2024-12-05 00:57:33] AKS가 Managed Identity를 사용하고 있습니다.
[2024-12-05 00:57:33] ACR pull 권한이 이미 설정되어 있다고 가정합니다.
[2024-12-05 00:57:33] Namespace 생성 중...
[2024-12-05 00:57:34] 애플리케이션 빌드 중...
[2024-12-05 00:57:52] Building acl-service...
[2024-12-05 00:57:58] Building kos-mock...
[2024-12-05 00:58:00] Building notification-mock...
[2024-12-05 00:58:02] Building sync-mock...
[2024-12-05 00:58:06] Building usage-generator...
[2024-12-05 00:58:12] Docker 이미지 Push 중...
[2024-12-05 00:58:16] Pushing acl-service...
[2024-12-05 00:58:23] Pushing kos-mock...
[2024-12-05 00:58:30] Pushing notification-mock...
[2024-12-05 00:58:36] Pushing sync-mock...
[2024-12-05 00:58:43] Pushing usage-generator...
[2024-12-05 00:58:51] 기존 리소스 정리 중...
[2024-12-05 00:58:57] Storage Account 및 Blob Container 설정 중...
[2024-12-05 00:59:04] Event Hub 확인 중...
[2024-12-05 00:59:05] 기존 Event Hub 네임스페이스 사용
[2024-12-05 00:59:08] 기존 Event Hub 사용
[2024-12-05 00:59:08] Event Hub 연결 문자열 가져오는 중...
[2024-12-05 00:59:09] Event Hub 연결 정보를 Secret으로 저장 중...
[2024-12-05 00:59:09] Event Hub 설정 완료
[2024-12-05 00:59:09] PostgreSQL 데이터베이스 설정 중...
[2024-12-05 00:59:10] PostgreSQL 준비 상태 대기 중...
[2024-12-05 00:59:28] 데이터베이스 'legacydb' 생성 확인 완료
[2024-12-05 00:59:28] 애플리케이션 배포 중...
[2024-12-05 00:59:30] LoadBalancer IP 대기 중...
[2024-12-05 00:59:31] 리소스 준비 상태 대기 중...
[2024-12-05 00:59:51] === 배포 완료 ===
[2024-12-05 00:59:51] ACL Service Swagger UI: http://20.249.204.234:8082/swagger-ui.html
[2024-12-05 01:03:32] AKS 자격 증명 가져오는 중...
[2024-12-05 01:03:33] ACR pull 권한 확인 중...
[2024-12-05 01:03:34] AKS가 Managed Identity를 사용하고 있습니다.
[2024-12-05 01:03:34] ACR pull 권한이 이미 설정되어 있다고 가정합니다.
[2024-12-05 01:03:34] Namespace 생성 중...
[2024-12-05 01:03:34] 애플리케이션 빌드 중...
[2024-12-05 01:03:57] Building acl-service...
[2024-12-05 01:04:01] Building kos-mock...
[2024-12-05 01:04:04] Building notification-mock...
[2024-12-05 01:04:06] Building sync-mock...
[2024-12-05 01:04:12] Building usage-generator...
[2024-12-05 01:04:17] Docker 이미지 Push 중...
[2024-12-05 01:04:21] Pushing acl-service...
[2024-12-05 01:04:29] Pushing kos-mock...
[2024-12-05 01:04:41] Pushing notification-mock...
[2024-12-05 01:04:47] Pushing sync-mock...
[2024-12-05 01:04:55] Pushing usage-generator...
[2024-12-05 01:05:02] 기존 리소스 정리 중...
[2024-12-05 01:05:05] Storage Account 및 Blob Container 설정 중...
[2024-12-05 01:05:12] Event Hub 확인 중...
[2024-12-05 01:05:13] 기존 Event Hub 네임스페이스 사용
[2024-12-05 01:05:14] 기존 Event Hub 사용
[2024-12-05 01:05:14] Event Hub 연결 문자열 가져오는 중...
[2024-12-05 01:05:15] Event Hub 연결 정보를 Secret으로 저장 중...
[2024-12-05 01:05:16] Event Hub 설정 완료
[2024-12-05 01:05:16] PostgreSQL 데이터베이스 설정 중...
[2024-12-05 01:05:16] PostgreSQL 준비 상태 대기 중...
[2024-12-05 01:05:40] 데이터베이스 'legacydb' 생성 확인 완료
[2024-12-05 01:05:40] 애플리케이션 배포 중...
[2024-12-05 01:05:42] LoadBalancer IP 대기 중...
[2024-12-05 01:05:42] 리소스 준비 상태 대기 중...
[2024-12-05 01:06:02] === 배포 완료 ===
[2024-12-05 01:06:02] ACL Service Swagger UI: http://20.249.204.234:8082/swagger-ui.html
[2024-12-05 01:14:01] AKS 자격 증명 가져오는 중...
[2024-12-05 01:14:02] ACR pull 권한 확인 중...
[2024-12-05 01:14:03] AKS가 Managed Identity를 사용하고 있습니다.
[2024-12-05 01:14:03] ACR pull 권한이 이미 설정되어 있다고 가정합니다.
[2024-12-05 01:14:03] Namespace 생성 중...
[2024-12-05 01:14:03] 애플리케이션 빌드 중...
[2024-12-05 01:14:21] Building acl-service...
[2024-12-05 01:14:32] Building kos-mock...
[2024-12-05 01:14:34] Building notification-mock...
[2024-12-05 01:14:37] Building sync-mock...
[2024-12-05 01:14:41] Building usage-generator...
[2024-12-05 01:14:46] Docker 이미지 Push 중...
[2024-12-05 01:14:49] Pushing acl-service...
[2024-12-05 01:14:57] Pushing kos-mock...
[2024-12-05 01:15:09] Pushing notification-mock...
[2024-12-05 01:15:14] Pushing sync-mock...
[2024-12-05 01:15:21] Pushing usage-generator...
[2024-12-05 01:15:31] 기존 리소스 정리 중...
[2024-12-05 01:15:35] Storage Account 및 Blob Container 설정 중...
[2024-12-05 01:15:41] Event Hub 확인 중...
[2024-12-05 01:15:42] 기존 Event Hub 네임스페이스 사용
[2024-12-05 01:15:42] 기존 Event Hub 사용
[2024-12-05 01:15:42] Event Hub 연결 문자열 가져오는 중...
[2024-12-05 01:15:43] Event Hub 연결 정보를 Secret으로 저장 중...
[2024-12-05 01:15:43] Event Hub 설정 완료
[2024-12-05 01:15:43] PostgreSQL 데이터베이스 설정 중...
[2024-12-05 01:15:44] PostgreSQL 준비 상태 대기 중...
[2024-12-05 01:15:59] 데이터베이스 'legacydb' 생성 확인 완료
[2024-12-05 01:15:59] 애플리케이션 배포 중...
[2024-12-05 01:16:00] LoadBalancer IP 대기 중...
[2024-12-05 01:16:00] 리소스 준비 상태 대기 중...
[2024-12-05 01:16:26] === 배포 완료 ===
[2024-12-05 01:16:26] ACL Service Swagger UI: http://20.249.204.234:8082/swagger-ui.html
[2024-12-05 01:27:53] AKS 자격 증명 가져오는 중...
[2024-12-05 01:27:54] ACR pull 권한 확인 중...
[2024-12-05 01:27:56] AKS가 Managed Identity를 사용하고 있습니다.
[2024-12-05 01:27:56] ACR pull 권한이 이미 설정되어 있다고 가정합니다.
[2024-12-05 01:27:56] Namespace 생성 중...
[2024-12-05 01:27:56] 애플리케이션 빌드 중...
[2024-12-05 01:28:15] Building acl-service...
[2024-12-05 01:28:20] Building kos-mock...
[2024-12-05 01:28:22] Building notification-mock...
[2024-12-05 01:28:24] Building sync-mock...
[2024-12-05 01:28:29] Building usage-generator...
[2024-12-05 01:28:34] Docker 이미지 Push 중...
[2024-12-05 01:28:37] Pushing acl-service...
[2024-12-05 01:28:54] Pushing kos-mock...
[2024-12-05 01:29:05] Pushing notification-mock...
[2024-12-05 01:29:16] Pushing sync-mock...
[2024-12-05 01:29:30] Pushing usage-generator...
[2024-12-05 01:29:39] 기존 리소스 정리 중...
[2024-12-05 01:29:42] Storage Account 및 Blob Container 설정 중...
[2024-12-05 01:29:48] Event Hub 확인 중...
[2024-12-05 01:29:50] 기존 Event Hub 네임스페이스 사용
[2024-12-05 01:29:52] 기존 Event Hub 사용
[2024-12-05 01:29:52] Event Hub 연결 문자열 가져오는 중...
[2024-12-05 01:29:54] Event Hub 연결 정보를 Secret으로 저장 중...
[2024-12-05 01:29:54] Event Hub 설정 완료
[2024-12-05 01:29:54] PostgreSQL 데이터베이스 설정 중...
[2024-12-05 01:29:55] PostgreSQL 준비 상태 대기 중...
[2024-12-05 01:30:12] 데이터베이스 'legacydb' 생성 확인 완료
[2024-12-05 01:30:12] 애플리케이션 배포 중...
[2024-12-05 01:30:14] LoadBalancer IP 대기 중...
[2024-12-05 01:30:14] 리소스 준비 상태 대기 중...
[2024-12-05 01:30:31] === 배포 완료 ===
[2024-12-05 01:30:31] ACL Service Swagger UI: http://20.249.204.234:8082/swagger-ui.html
